[20:50:15.057] ------------------------------
[20:50:15.058] MelonLoader v0.5.7 Open-Beta
[20:50:15.058] OS: Windows 10
[20:50:15.059] Hash Code: 49999848531024954985654485098975250521005157544948501005510199495356
[20:50:15.059] ------------------------------
[20:50:15.060] Game Type: MonoBleedingEdge
[20:50:15.061] Game Arch: x64
[20:50:15.062] ------------------------------
[20:50:15.062] Core::BasePath = C:\Users\loopy\Desktop\SYNERGY-main\SYNERGY-main
[20:50:15.063] Game::BasePath = C:\Users\loopy\Desktop\SYNERGY-main\SYNERGY-main
[20:50:15.064] Game::DataPath = C:\Users\loopy\Desktop\SYNERGY-main\SYNERGY-main\SYNERGY_Data
[20:50:15.064] Game::ApplicationPath = C:\Users\loopy\Desktop\SYNERGY-main\SYNERGY-main\SYNERGY.exe

[20:50:35.220] ------------------------------
[20:50:35.221] Game Name: SYNERGY
[20:50:35.222] Game Developer: DefaultCompany
[20:50:35.308] Unity Version: 2019.4.28f1
[20:50:35.309] Game Version: 0.1
[20:50:35.310] ------------------------------

[20:50:38.010] Preferences Loaded!

[20:50:38.486] Loading Plugins from 'C:\Users\loopy\Desktop\SYNERGY-main\SYNERGY-main\Plugins'...
[20:50:38.489] 0 Plugins loaded.

[20:50:53.652] [MelonStartScreen] Initializing...
[20:50:53.741] [MelonStartScreen] Using Start Screen Theme: "Default"


[20:51:14.646] Loading Mods from 'C:\Users\loopy\Desktop\SYNERGY-main\SYNERGY-main\Mods'...
[20:51:14.742] ------------------------------
[20:51:14.942] Melon Assembly loaded: '.\Mods\BGMMod.dll'
[20:51:14.943] SHA256 Hash: '666075076fa6dbd26e84f397110bb67185d2ce2c45d653fea33edf6deee1dbe5'
[20:51:15.004] Melon Assembly loaded: '.\Mods\JToQuit.dll'
[20:51:15.005] SHA256 Hash: '0d1b13bf5328346d448dc1532ae4570babb97ad72fadcce9ee4d388e5c56d9be'

[20:51:15.079] ------------------------------
[20:51:15.079] BGMMod v1.0.0
[20:51:15.081] by Loopymtb
[20:51:15.082] Assembly: BGMMod.dll
[20:51:15.084] ------------------------------
[20:51:15.087] ------------------------------
[20:51:15.087] QuitMod v1.0.0
[20:51:15.091] by Loopymtb
[20:51:15.094] Assembly: JToQuit.dll
[20:51:15.095] ------------------------------
[20:51:15.096] ------------------------------
[20:51:15.097] 2 Mods loaded.

[20:51:15.194] Support Module Loaded: C:\Users\loopy\Desktop\SYNERGY-main\SYNERGY-main\MelonLoader\Dependencies\SupportModules\Mono.dll
[20:51:35.893] Preferences Saved!
