[18:10:16.241] ------------------------------
[18:10:16.243] MelonLoader v0.5.7 Open-Beta
[18:10:16.243] OS: Windows 10
[18:10:16.244] Hash Code: 49999848531024954985654485098975250521005157544948501005510199495356
[18:10:16.244] ------------------------------
[18:10:16.245] Game Type: MonoBleedingEdge
[18:10:16.245] Game Arch: x64
[18:10:16.246] ------------------------------
[18:10:16.247] Core::BasePath = C:\Users\loopy\Desktop\SYNERGY-main\SYNERGY-main
[18:10:16.247] Game::BasePath = C:\Users\loopy\Desktop\SYNERGY-main\SYNERGY-main
[18:10:16.248] Game::DataPath = C:\Users\loopy\Desktop\SYNERGY-main\SYNERGY-main\SYNERGY_Data
[18:10:16.249] Game::ApplicationPath = C:\Users\loopy\Desktop\SYNERGY-main\SYNERGY-main\SYNERGY.exe

[18:10:20.280] ------------------------------
[18:10:20.281] Game Name: SYNERGY
[18:10:20.282] Game Developer: DefaultCompany
[18:10:20.288] Unity Version: 2019.4.28f1
[18:10:20.289] Game Version: 0.1
[18:10:20.290] ------------------------------

[18:10:22.314] Preferences Loaded!

[18:10:22.612] Loading Plugins from 'C:\Users\loopy\Desktop\SYNERGY-main\SYNERGY-main\Plugins'...
[18:10:22.617] 0 Plugins loaded.

[18:10:29.712] [MelonStartScreen] Initializing...
[18:10:29.842] [MelonStartScreen] Using Start Screen Theme: "Default"


[18:10:33.640] Loading Mods from 'C:\Users\loopy\Desktop\SYNERGY-main\SYNERGY-main\Mods'...
[18:10:33.711] ------------------------------
[18:10:33.769] Melon Assembly loaded: '.\Mods\BGMMod.dll'
[18:10:33.770] SHA256 Hash: '666075076fa6dbd26e84f397110bb67185d2ce2c45d653fea33edf6deee1dbe5'
[18:10:33.813] Melon Assembly loaded: '.\Mods\JToQuit.dll'
[18:10:33.815] SHA256 Hash: '0d1b13bf5328346d448dc1532ae4570babb97ad72fadcce9ee4d388e5c56d9be'

[18:10:33.897] ------------------------------
[18:10:33.897] BGMMod v1.0.0
[18:10:33.900] by Loopymtb
[18:10:33.902] Assembly: BGMMod.dll
[18:10:33.903] ------------------------------
[18:10:33.906] ------------------------------
[18:10:33.906] QuitMod v1.0.0
[18:10:33.909] by Loopymtb
[18:10:33.911] Assembly: JToQuit.dll
[18:10:33.912] ------------------------------
[18:10:33.913] ------------------------------
[18:10:33.916] 2 Mods loaded.

[18:10:33.992] Support Module Loaded: C:\Users\loopy\Desktop\SYNERGY-main\SYNERGY-main\MelonLoader\Dependencies\SupportModules\Mono.dll
[18:10:42.613] Preferences Saved!
