[18:29:00.235] ------------------------------
[18:29:00.236] MelonLoader v0.5.7 Open-Beta
[18:29:00.237] OS: Windows 10
[18:29:00.237] Hash Code: 49999848531024954985654485098975250521005157544948501005510199495356
[18:29:00.238] ------------------------------
[18:29:00.238] Game Type: MonoBleedingEdge
[18:29:00.239] Game Arch: x64
[18:29:00.239] ------------------------------
[18:29:00.240] Core::BasePath = C:\Users\loopy\Desktop\SYNERGY-main\SYNERGY-main
[18:29:00.240] Game::BasePath = C:\Users\loopy\Desktop\SYNERGY-main\SYNERGY-main
[18:29:00.241] Game::DataPath = C:\Users\loopy\Desktop\SYNERGY-main\SYNERGY-main\SYNERGY_Data
[18:29:00.241] Game::ApplicationPath = C:\Users\loopy\Desktop\SYNERGY-main\SYNERGY-main\SYNERGY.exe

[18:29:11.627] ------------------------------
[18:29:11.628] Game Name: SYNERGY
[18:29:11.630] Game Developer: DefaultCompany
[18:29:11.654] Unity Version: 2019.4.28f1
[18:29:11.656] Game Version: 0.1
[18:29:11.657] ------------------------------

[18:29:14.050] Preferences Loaded!

[18:29:14.409] Loading Plugins from 'C:\Users\loopy\Desktop\SYNERGY-main\SYNERGY-main\Plugins'...
[18:29:14.413] 0 Plugins loaded.

[18:29:26.111] [MelonStartScreen] Initializing...
[18:29:26.178] [MelonStartScreen] Using Start Screen Theme: "Default"


[18:29:54.488] Loading Mods from 'C:\Users\loopy\Desktop\SYNERGY-main\SYNERGY-main\Mods'...
[18:29:54.732] ------------------------------
[18:29:55.344] Melon Assembly loaded: '.\Mods\BGMMod.dll'
[18:29:55.346] SHA256 Hash: '666075076fa6dbd26e84f397110bb67185d2ce2c45d653fea33edf6deee1dbe5'
[18:29:55.411] Melon Assembly loaded: '.\Mods\JToQuit.dll'
[18:29:55.412] SHA256 Hash: '0d1b13bf5328346d448dc1532ae4570babb97ad72fadcce9ee4d388e5c56d9be'

[18:29:55.612] ------------------------------
[18:29:55.612] BGMMod v1.0.0
[18:29:55.614] by Loopymtb
[18:29:55.615] Assembly: BGMMod.dll
[18:29:55.616] ------------------------------
[18:29:55.619] ------------------------------
[18:29:55.619] QuitMod v1.0.0
[18:29:55.620] by Loopymtb
[18:29:55.624] Assembly: JToQuit.dll
[18:29:55.629] ------------------------------
[18:29:55.631] ------------------------------
[18:29:55.632] 2 Mods loaded.

[18:29:55.818] Support Module Loaded: C:\Users\loopy\Desktop\SYNERGY-main\SYNERGY-main\MelonLoader\Dependencies\SupportModules\Mono.dll
[18:30:32.476] Preferences Saved!
